📅 Генерация на дату: 2025-05-22
✅ Сгенерирован файл: /Users/zatsepinamarina/ProjectAaD/data/1_1.csv
✅ Сгенерирован файл: /Users/zatsepinamarina/ProjectAaD/data/1_2.csv
✅ Сгенерирован файл: /Users/zatsepinamarina/ProjectAaD/data/2_1.csv
✅ Сгенерирован файл: /Users/zatsepinamarina/ProjectAaD/data/2_2.csv
✅ Сгенерирован файл: /Users/zatsepinamarina/ProjectAaD/data/3_1.csv
✅ Сгенерирован файл: /Users/zatsepinamarina/ProjectAaD/data/3_2.csv
✅ Сгенерирован файл: /Users/zatsepinamarina/ProjectAaD/data/3_3.csv
✅ Сгенерирован файл: /Users/zatsepinamarina/ProjectAaD/data/4_1.csv
✅ Сгенерирован файл: /Users/zatsepinamarina/ProjectAaD/data/4_2.csv
✅ Сгенерирован файл: /Users/zatsepinamarina/ProjectAaD/data/4_3.csv
✅ Сгенерирован файл: /Users/zatsepinamarina/ProjectAaD/data/4_4.csv
✅ Сгенерирован файл: /Users/zatsepinamarina/ProjectAaD/data/4_5.csv
✅ Сгенерирован файл: /Users/zatsepinamarina/ProjectAaD/data/5_1.csv
✅ Сгенерирован файл: /Users/zatsepinamarina/ProjectAaD/data/6_1.csv
✅ Сгенерирован файл: /Users/zatsepinamarina/ProjectAaD/data/6_2.csv
✅ Сгенерирован файл: /Users/zatsepinamarina/ProjectAaD/data/6_3.csv
✅ Сгенерирован файл: /Users/zatsepinamarina/ProjectAaD/data/6_4.csv
✅ Сгенерирован файл: /Users/zatsepinamarina/ProjectAaD/data/7_1.csv
✅ Сгенерирован файл: /Users/zatsepinamarina/ProjectAaD/data/7_2.csv
✅ Сгенерирован файл: /Users/zatsepinamarina/ProjectAaD/data/7_3.csv
✅ Сгенерирован файл: /Users/zatsepinamarina/ProjectAaD/data/7_4.csv
✅ Подготовлен файл: 6_4.csv
📁 Перемещён в архив: /Users/zatsepinamarina/ProjectAaD/archive/6_4.csv
✅ Подготовлен файл: 2_1.csv
📁 Перемещён в архив: /Users/zatsepinamarina/ProjectAaD/archive/2_1.csv
✅ Подготовлен файл: 4_5.csv
📁 Перемещён в архив: /Users/zatsepinamarina/ProjectAaD/archive/4_5.csv
✅ Подготовлен файл: 2_2.csv
📁 Перемещён в архив: /Users/zatsepinamarina/ProjectAaD/archive/2_2.csv
✅ Подготовлен файл: 4_4.csv
📁 Перемещён в архив: /Users/zatsepinamarina/ProjectAaD/archive/4_4.csv
✅ Подготовлен файл: 6_2.csv
📁 Перемещён в архив: /Users/zatsepinamarina/ProjectAaD/archive/6_2.csv
✅ Подготовлен файл: 4_1.csv
📁 Перемещён в архив: /Users/zatsepinamarina/ProjectAaD/archive/4_1.csv
✅ Подготовлен файл: 6_3.csv
📁 Перемещён в архив: /Users/zatsepinamarina/ProjectAaD/archive/6_3.csv
✅ Подготовлен файл: 6_1.csv
📁 Перемещён в архив: /Users/zatsepinamarina/ProjectAaD/archive/6_1.csv
✅ Подготовлен файл: 4_3.csv
📁 Перемещён в архив: /Users/zatsepinamarina/ProjectAaD/archive/4_3.csv
✅ Подготовлен файл: 4_2.csv
📁 Перемещён в архив: /Users/zatsepinamarina/ProjectAaD/archive/4_2.csv
✅ Подготовлен файл: 1_1.csv
📁 Перемещён в архив: /Users/zatsepinamarina/ProjectAaD/archive/1_1.csv
✅ Подготовлен файл: 3_3.csv
📁 Перемещён в архив: /Users/zatsepinamarina/ProjectAaD/archive/3_3.csv
✅ Подготовлен файл: 3_2.csv
📁 Перемещён в архив: /Users/zatsepinamarina/ProjectAaD/archive/3_2.csv
✅ Подготовлен файл: 1_2.csv
📁 Перемещён в архив: /Users/zatsepinamarina/ProjectAaD/archive/1_2.csv
✅ Подготовлен файл: 7_4.csv
📁 Перемещён в архив: /Users/zatsepinamarina/ProjectAaD/archive/7_4.csv
✅ Подготовлен файл: 3_1.csv
📁 Перемещён в архив: /Users/zatsepinamarina/ProjectAaD/archive/3_1.csv
✅ Подготовлен файл: 7_1.csv
📁 Перемещён в архив: /Users/zatsepinamarina/ProjectAaD/archive/7_1.csv
✅ Подготовлен файл: 7_2.csv
📁 Перемещён в архив: /Users/zatsepinamarina/ProjectAaD/archive/7_2.csv
✅ Подготовлен файл: 7_3.csv
📁 Перемещён в архив: /Users/zatsepinamarina/ProjectAaD/archive/7_3.csv
✅ Подготовлен файл: 5_1.csv
📁 Перемещён в архив: /Users/zatsepinamarina/ProjectAaD/archive/5_1.csv
📦 Всего строк для загрузки: 621
✅ Запуск: генерация и загрузка данных
🎉 Всё выполнено успешно!
